Build started 06/01/2016 13:43:37.
     1>Project "C:\Users\CornelPC\documents\visual studio 2015\Projects\ProiectPOO\ProiectPOO\ProiectPOO.vcxproj" on node 2 (Build target(s)).
     1>ClCompile:
         C:\Program Files (x86)\VC\bin\CL.exe /c /ZI /nologo /W3 /WX- /Od /Oy- /D WIN32 /D _DEBUG /D _CONSOLE /D _UNICODE /D UNICODE /Gm /EHsc /RTC1 /MDd /GS /fp:precise /Zc:wchar_t /Zc:forScope /Zc:inline /Fo"Debug\\" /Fd"Debug\vc140.pdb" /Gd /TP /analyze- /errorReport:prompt Source.cpp
         Source.cpp
     1>c:\users\cornelpc\documents\visual studio 2015\projects\proiectpoo\proiectpoo\source.cpp(284): warning C4305: '=': truncation from 'double' to 'float'
     1>c:\users\cornelpc\documents\visual studio 2015\projects\proiectpoo\proiectpoo\source.cpp(285): warning C4305: '=': truncation from 'double' to 'float'
     1>c:\users\cornelpc\documents\visual studio 2015\projects\proiectpoo\proiectpoo\source.cpp(331): warning C4244: 'initializing': conversion from '__int64' to 'long', possible loss of data
     1>c:\users\cornelpc\documents\visual studio 2015\projects\proiectpoo\proiectpoo\source.cpp(327): warning C4996: 'localtime': This function or variable may be unsafe. Consider using localtime_s instead. To disable deprecation, use _CRT_SECURE_NO_WARNINGS. See online help for details.
         c:\program files (x86)\windows kits\10\include\10.0.10150.0\ucrt\time.h(505): note: see declaration of 'localtime'
     1>c:\users\cornelpc\documents\visual studio 2015\projects\proiectpoo\proiectpoo\source.cpp(433): warning C4996: 'strcpy': This function or variable may be unsafe. Consider using strcpy_s instead. To disable deprecation, use _CRT_SECURE_NO_WARNINGS. See online help for details.
         c:\program files (x86)\windows kits\10\include\10.0.10150.0\ucrt\string.h(119): note: see declaration of 'strcpy'
     1>c:\users\cornelpc\documents\visual studio 2015\projects\proiectpoo\proiectpoo\source.cpp(492): warning C4996: 'strcpy': This function or variable may be unsafe. Consider using strcpy_s instead. To disable deprecation, use _CRT_SECURE_NO_WARNINGS. See online help for details.
         c:\program files (x86)\windows kits\10\include\10.0.10150.0\ucrt\string.h(119): note: see declaration of 'strcpy'
     1>c:\users\cornelpc\documents\visual studio 2015\projects\proiectpoo\proiectpoo\source.cpp(514): warning C4996: 'strcpy': This function or variable may be unsafe. Consider using strcpy_s instead. To disable deprecation, use _CRT_SECURE_NO_WARNINGS. See online help for details.
         c:\program files (x86)\windows kits\10\include\10.0.10150.0\ucrt\string.h(119): note: see declaration of 'strcpy'
     1>c:\users\cornelpc\documents\visual studio 2015\projects\proiectpoo\proiectpoo\source.cpp(522): warning C4996: 'strcpy': This function or variable may be unsafe. Consider using strcpy_s instead. To disable deprecation, use _CRT_SECURE_NO_WARNINGS. See online help for details.
         c:\program files (x86)\windows kits\10\include\10.0.10150.0\ucrt\string.h(119): note: see declaration of 'strcpy'
     1>c:\users\cornelpc\documents\visual studio 2015\projects\proiectpoo\proiectpoo\source.cpp(530): warning C4996: 'strcpy': This function or variable may be unsafe. Consider using strcpy_s instead. To disable deprecation, use _CRT_SECURE_NO_WARNINGS. See online help for details.
         c:\program files (x86)\windows kits\10\include\10.0.10150.0\ucrt\string.h(119): note: see declaration of 'strcpy'
     1>c:\users\cornelpc\documents\visual studio 2015\projects\proiectpoo\proiectpoo\source.cpp(538): warning C4996: 'strcpy': This function or variable may be unsafe. Consider using strcpy_s instead. To disable deprecation, use _CRT_SECURE_NO_WARNINGS. See online help for details.
         c:\program files (x86)\windows kits\10\include\10.0.10150.0\ucrt\string.h(119): note: see declaration of 'strcpy'
     1>c:\users\cornelpc\documents\visual studio 2015\projects\proiectpoo\proiectpoo\source.cpp(548): warning C4996: 'strcpy': This function or variable may be unsafe. Consider using strcpy_s instead. To disable deprecation, use _CRT_SECURE_NO_WARNINGS. See online help for details.
         c:\program files (x86)\windows kits\10\include\10.0.10150.0\ucrt\string.h(119): note: see declaration of 'strcpy'
     1>c:\users\cornelpc\documents\visual studio 2015\projects\proiectpoo\proiectpoo\source.cpp(592): warning C4996: 'strcpy': This function or variable may be unsafe. Consider using strcpy_s instead. To disable deprecation, use _CRT_SECURE_NO_WARNINGS. See online help for details.
         c:\program files (x86)\windows kits\10\include\10.0.10150.0\ucrt\string.h(119): note: see declaration of 'strcpy'
     1>c:\users\cornelpc\documents\visual studio 2015\projects\proiectpoo\proiectpoo\source.cpp(610): warning C4996: 'strcpy': This function or variable may be unsafe. Consider using strcpy_s instead. To disable deprecation, use _CRT_SECURE_NO_WARNINGS. See online help for details.
         c:\program files (x86)\windows kits\10\include\10.0.10150.0\ucrt\string.h(119): note: see declaration of 'strcpy'
     1>c:\users\cornelpc\documents\visual studio 2015\projects\proiectpoo\proiectpoo\source.cpp(629): warning C4996: 'strcpy': This function or variable may be unsafe. Consider using strcpy_s instead. To disable deprecation, use _CRT_SECURE_NO_WARNINGS. See online help for details.
         c:\program files (x86)\windows kits\10\include\10.0.10150.0\ucrt\string.h(119): note: see declaration of 'strcpy'
     1>c:\users\cornelpc\documents\visual studio 2015\projects\proiectpoo\proiectpoo\source.cpp(643): warning C4996: 'strcpy': This function or variable may be unsafe. Consider using strcpy_s instead. To disable deprecation, use _CRT_SECURE_NO_WARNINGS. See online help for details.
         c:\program files (x86)\windows kits\10\include\10.0.10150.0\ucrt\string.h(119): note: see declaration of 'strcpy'
     1>c:\users\cornelpc\documents\visual studio 2015\projects\proiectpoo\proiectpoo\source.cpp(662): warning C4996: 'strcpy': This function or variable may be unsafe. Consider using strcpy_s instead. To disable deprecation, use _CRT_SECURE_NO_WARNINGS. See online help for details.
         c:\program files (x86)\windows kits\10\include\10.0.10150.0\ucrt\string.h(119): note: see declaration of 'strcpy'
     1>c:\users\cornelpc\documents\visual studio 2015\projects\proiectpoo\proiectpoo\source.cpp(714): warning C4996: 'strcpy': This function or variable may be unsafe. Consider using strcpy_s instead. To disable deprecation, use _CRT_SECURE_NO_WARNINGS. See online help for details.
         c:\program files (x86)\windows kits\10\include\10.0.10150.0\ucrt\string.h(119): note: see declaration of 'strcpy'
     1>c:\users\cornelpc\documents\visual studio 2015\projects\proiectpoo\proiectpoo\source.cpp(737): warning C4996: 'strcpy': This function or variable may be unsafe. Consider using strcpy_s instead. To disable deprecation, use _CRT_SECURE_NO_WARNINGS. See online help for details.
         c:\program files (x86)\windows kits\10\include\10.0.10150.0\ucrt\string.h(119): note: see declaration of 'strcpy'
     1>c:\users\cornelpc\documents\visual studio 2015\projects\proiectpoo\proiectpoo\source.cpp(816): warning C4996: 'strcpy': This function or variable may be unsafe. Consider using strcpy_s instead. To disable deprecation, use _CRT_SECURE_NO_WARNINGS. See online help for details.
         c:\program files (x86)\windows kits\10\include\10.0.10150.0\ucrt\string.h(119): note: see declaration of 'strcpy'
     1>c:\users\cornelpc\documents\visual studio 2015\projects\proiectpoo\proiectpoo\source.cpp(826): warning C4996: 'strcpy': This function or variable may be unsafe. Consider using strcpy_s instead. To disable deprecation, use _CRT_SECURE_NO_WARNINGS. See online help for details.
         c:\program files (x86)\windows kits\10\include\10.0.10150.0\ucrt\string.h(119): note: see declaration of 'strcpy'
     1>c:\users\cornelpc\documents\visual studio 2015\projects\proiectpoo\proiectpoo\source.cpp(865): warning C4305: '=': truncation from 'double' to 'float'
     1>c:\users\cornelpc\documents\visual studio 2015\projects\proiectpoo\proiectpoo\source.cpp(866): warning C4305: '=': truncation from 'double' to 'float'
     1>c:\users\cornelpc\documents\visual studio 2015\projects\proiectpoo\proiectpoo\source.cpp(862): warning C4996: 'strcpy': This function or variable may be unsafe. Consider using strcpy_s instead. To disable deprecation, use _CRT_SECURE_NO_WARNINGS. See online help for details.
         c:\program files (x86)\windows kits\10\include\10.0.10150.0\ucrt\string.h(119): note: see declaration of 'strcpy'
     1>c:\users\cornelpc\documents\visual studio 2015\projects\proiectpoo\proiectpoo\source.cpp(864): warning C4996: 'strcpy': This function or variable may be unsafe. Consider using strcpy_s instead. To disable deprecation, use _CRT_SECURE_NO_WARNINGS. See online help for details.
         c:\program files (x86)\windows kits\10\include\10.0.10150.0\ucrt\string.h(119): note: see declaration of 'strcpy'
     1>c:\users\cornelpc\documents\visual studio 2015\projects\proiectpoo\proiectpoo\source.cpp(878): warning C4996: 'strcpy': This function or variable may be unsafe. Consider using strcpy_s instead. To disable deprecation, use _CRT_SECURE_NO_WARNINGS. See online help for details.
         c:\program files (x86)\windows kits\10\include\10.0.10150.0\ucrt\string.h(119): note: see declaration of 'strcpy'
     1>c:\users\cornelpc\documents\visual studio 2015\projects\proiectpoo\proiectpoo\source.cpp(880): warning C4996: 'strcpy': This function or variable may be unsafe. Consider using strcpy_s instead. To disable deprecation, use _CRT_SECURE_NO_WARNINGS. See online help for details.
         c:\program files (x86)\windows kits\10\include\10.0.10150.0\ucrt\string.h(119): note: see declaration of 'strcpy'
     1>c:\users\cornelpc\documents\visual studio 2015\projects\proiectpoo\proiectpoo\source.cpp(894): warning C4996: 'strcpy': This function or variable may be unsafe. Consider using strcpy_s instead. To disable deprecation, use _CRT_SECURE_NO_WARNINGS. See online help for details.
         c:\program files (x86)\windows kits\10\include\10.0.10150.0\ucrt\string.h(119): note: see declaration of 'strcpy'
     1>c:\users\cornelpc\documents\visual studio 2015\projects\proiectpoo\proiectpoo\source.cpp(897): warning C4996: 'strcpy': This function or variable may be unsafe. Consider using strcpy_s instead. To disable deprecation, use _CRT_SECURE_NO_WARNINGS. See online help for details.
         c:\program files (x86)\windows kits\10\include\10.0.10150.0\ucrt\string.h(119): note: see declaration of 'strcpy'
     1>c:\users\cornelpc\documents\visual studio 2015\projects\proiectpoo\proiectpoo\source.cpp(909): warning C4996: 'strcpy': This function or variable may be unsafe. Consider using strcpy_s instead. To disable deprecation, use _CRT_SECURE_NO_WARNINGS. See online help for details.
         c:\program files (x86)\windows kits\10\include\10.0.10150.0\ucrt\string.h(119): note: see declaration of 'strcpy'
     1>c:\users\cornelpc\documents\visual studio 2015\projects\proiectpoo\proiectpoo\source.cpp(911): warning C4996: 'strcpy': This function or variable may be unsafe. Consider using strcpy_s instead. To disable deprecation, use _CRT_SECURE_NO_WARNINGS. See online help for details.
         c:\program files (x86)\windows kits\10\include\10.0.10150.0\ucrt\string.h(119): note: see declaration of 'strcpy'
     1>c:\users\cornelpc\documents\visual studio 2015\projects\proiectpoo\proiectpoo\source.cpp(926): warning C4996: 'strcpy': This function or variable may be unsafe. Consider using strcpy_s instead. To disable deprecation, use _CRT_SECURE_NO_WARNINGS. See online help for details.
         c:\program files (x86)\windows kits\10\include\10.0.10150.0\ucrt\string.h(119): note: see declaration of 'strcpy'
     1>c:\users\cornelpc\documents\visual studio 2015\projects\proiectpoo\proiectpoo\source.cpp(929): warning C4996: 'strcpy': This function or variable may be unsafe. Consider using strcpy_s instead. To disable deprecation, use _CRT_SECURE_NO_WARNINGS. See online help for details.
         c:\program files (x86)\windows kits\10\include\10.0.10150.0\ucrt\string.h(119): note: see declaration of 'strcpy'
     1>c:\users\cornelpc\documents\visual studio 2015\projects\proiectpoo\proiectpoo\source.cpp(984): warning C4996: 'strcpy': This function or variable may be unsafe. Consider using strcpy_s instead. To disable deprecation, use _CRT_SECURE_NO_WARNINGS. See online help for details.
         c:\program files (x86)\windows kits\10\include\10.0.10150.0\ucrt\string.h(119): note: see declaration of 'strcpy'
     1>c:\users\cornelpc\documents\visual studio 2015\projects\proiectpoo\proiectpoo\source.cpp(988): warning C4996: 'strcpy': This function or variable may be unsafe. Consider using strcpy_s instead. To disable deprecation, use _CRT_SECURE_NO_WARNINGS. See online help for details.
         c:\program files (x86)\windows kits\10\include\10.0.10150.0\ucrt\string.h(119): note: see declaration of 'strcpy'
     1>c:\users\cornelpc\documents\visual studio 2015\projects\proiectpoo\proiectpoo\source.cpp(1089): warning C4305: 'argument': truncation from 'double' to 'float'
     1>c:\users\cornelpc\documents\visual studio 2015\projects\proiectpoo\proiectpoo\source.cpp(1090): warning C4305: 'argument': truncation from 'double' to 'float'
     1>c:\users\cornelpc\documents\visual studio 2015\projects\proiectpoo\proiectpoo\source.cpp(1176): warning C4305: '=': truncation from 'double' to 'float'
     1>c:\users\cornelpc\documents\visual studio 2015\projects\proiectpoo\proiectpoo\source.cpp(1177): warning C4305: '=': truncation from 'double' to 'float'
     1>c:\users\cornelpc\documents\visual studio 2015\projects\proiectpoo\proiectpoo\source.cpp(1250): warning C4305: 'argument': truncation from 'double' to 'float'
     1>c:\users\cornelpc\documents\visual studio 2015\projects\proiectpoo\proiectpoo\source.cpp(1253): warning C4305: 'argument': truncation from 'double' to 'float'
     1>c:\users\cornelpc\documents\visual studio 2015\projects\proiectpoo\proiectpoo\source.cpp(1272): warning C4305: 'argument': truncation from 'double' to 'float'
     1>c:\users\cornelpc\documents\visual studio 2015\projects\proiectpoo\proiectpoo\source.cpp(1275): warning C4305: 'argument': truncation from 'double' to 'float'
       Link:
         C:\Program Files (x86)\VC\bin\link.exe /ERRORREPORT:PROMPT /OUT:"C:\Users\CornelPC\documents\visual studio 2015\Projects\ProiectPOO\Debug\ProiectPOO.exe" /INCREMENTAL /NOLOGO kernel32.lib user32.lib gdi32.lib winspool.lib comdlg32.lib advapi32.lib shell32.lib ole32.lib oleaut32.lib uuid.lib odbc32.lib odbccp32.lib /MANIFEST /MANIFESTUAC:"level='asInvoker' uiAccess='false'" /manifest:embed /Debug /PDB:"C:\Users\CornelPC\documents\visual studio 2015\Projects\ProiectPOO\Debug\ProiectPOO.pdb" /SUBSYSTEM:CONSOLE /TLBID:1 /DYNAMICBASE /NXCOMPAT /IMPLIB:"C:\Users\CornelPC\documents\visual studio 2015\Projects\ProiectPOO\Debug\ProiectPOO.lib" /MACHINE:X86 Debug\Source.obj
         ProiectPOO.vcxproj -> C:\Users\CornelPC\documents\visual studio 2015\Projects\ProiectPOO\Debug\ProiectPOO.exe
     1>Done Building Project "C:\Users\CornelPC\documents\visual studio 2015\Projects\ProiectPOO\ProiectPOO\ProiectPOO.vcxproj" (Build target(s)).

Build succeeded.

Time Elapsed 00:00:06.39
